+-----------------------------------------------------------+
| Welcome to puppeth, your Ethereum private network manager |
|                                                           |
| This tool lets you create a new Ethereum network down to  |
| the genesis block, bootnodes, miners and ethstats servers |
| without the hassle that it would normally entail.         |
|                                                           |
| Puppeth uses SSH to dial in to remote servers, and builds |
| its network components out of Docker containers using the |
| docker-compose toolset.                                   |
+-----------------------------------------------------------+

[32mINFO [0m[09-30|16:53:55.865] Administering Ethereum network           [32mname[0m=pipucks
[32mINFO [0m[09-30|16:53:55.867] No remote machines to gather stats from 

What would you like to do? (default = stats)
 1. Show network stats
 2. Manage existing genesis
 3. Track new remote server
 4. Deploy network components
> 
 1. Modify existing configurations
 2. Export genesis configurations
 3. Remove genesis configuration
> [32mINFO [0m[09-30|16:53:55.867] Genesis block destroyed 

What would you like to do? (default = stats)
 1. Show network stats
 2. Configure new genesis
 3. Track new remote server
 4. Deploy network components
> 
What would you like to do? (default = create)
 1. Create new genesis from scratch
 2. Import already existing genesis
> 
Which consensus engine to use? (default = clique)
 1. Ethash - proof-of-work
 2. Clique - proof-of-authority
> 
How many seconds should blocks take? (default = 15)
> 
Which accounts are allowed to seal? (mandatory at least one)
> 0x> 0x> 0x> 0x[31mERROR[0m[09-30|16:53:55.867] Invalid address length, please retry 
> 0x[31mERROR[0m[09-30|16:53:55.867] Invalid address length, please retry 
> 0x[31mERROR[0m[09-30|16:53:55.867] Invalid address length, please retry 
> 0x[31mERROR[0m[09-30|16:53:55.867] Invalid address length, please retry 
> 0x[31mERROR[0m[09-30|16:53:55.867] Invalid address length, please retry 
> 0x[35mCRIT [0m[09-30|16:53:55.867] Failed to read user input                [35merr[0m=EOF
+-----------------------------------------------------------+
| Welcome to puppeth, your Ethereum private network manager |
|                                                           |
| This tool lets you create a new Ethereum network down to  |
| the genesis block, bootnodes, miners and ethstats servers |
| without the hassle that it would normally entail.         |
|                                                           |
| Puppeth uses SSH to dial in to remote servers, and builds |
| its network components out of Docker containers using the |
| docker-compose toolset.                                   |
+-----------------------------------------------------------+

[32mINFO [0m[09-30|17:00:02.576] Administering Ethereum network           [32mname[0m=pipucks
[32mINFO [0m[09-30|17:00:02.576] No remote machines to gather stats from 

What would you like to do? (default = stats)
 1. Show network stats
 2. Configure new genesis
 3. Track new remote server
 4. Deploy network components
> 
What would you like to do? (default = create)
 1. Create new genesis from scratch
 2. Import already existing genesis
> [31mERROR[0m[09-30|17:00:02.576] That's not something I can do 

What would you like to do? (default = stats)
 1. Show network stats
 2. Configure new genesis
 3. Track new remote server
 4. Deploy network components
> 
What would you like to do? (default = create)
 1. Create new genesis from scratch
 2. Import already existing genesis
> 
Which consensus engine to use? (default = clique)
 1. Ethash - proof-of-work
 2. Clique - proof-of-authority
> 
How many seconds should blocks take? (default = 15)
> 
Which accounts are allowed to seal? (mandatory at least one)
> 0x> 0x> 0x
Which accounts should be pre-funded? (advisable at least one)
> 0x> 0x
Should the precompile-addresses (0x1 .. 0xff) be pre-funded with 1 wei? (advisable yes)
> 
Specify your chain/network ID if you want an explicit one (default = random)
> [32mINFO [0m[09-30|17:00:02.577] Configured new genesis block 

What would you like to do? (default = stats)
 1. Show network stats
 2. Manage existing genesis
 3. Track new remote server
 4. Deploy network components
> 
 1. Modify existing configurations
 2. Export genesis configurations
 3. Remove genesis configuration
> 
Which folder to save the genesis specs into? (default = current)
  Will create pipucks.json, pipucks-aleth.json, pipucks-harmony.json, pipucks-parity.json
> [32mINFO [0m[09-30|17:00:02.579] Saved native genesis chain spec          [32mpath[0m=/home/volker/Documents/mygithub-software/AB-interface/Blockchain-module/geth/files/pipucks.json
[31mERROR[0m[09-30|17:00:02.579] Failed to create Aleth chain spec        [31merr[0m="unsupported consensus engine"
[31mERROR[0m[09-30|17:00:02.579] Failed to create Parity chain spec       [31merr[0m="unsupported consensus engine"
[32mINFO [0m[09-30|17:00:02.580] Saved genesis chain spec                 [32mclient[0m=harmony [32mpath[0m=/home/volker/Documents/mygithub-software/AB-interface/Blockchain-module/geth/files/pipucks-harmony.json

What would you like to do? (default = stats)
 1. Show network stats
 2. Manage existing genesis
 3. Track new remote server
 4. Deploy network components
> [35mCRIT [0m[09-30|17:00:02.580] Failed to read user input                [35merr[0m=EOF
+-----------------------------------------------------------+
| Welcome to puppeth, your Ethereum private network manager |
|                                                           |
| This tool lets you create a new Ethereum network down to  |
| the genesis block, bootnodes, miners and ethstats servers |
| without the hassle that it would normally entail.         |
|                                                           |
| Puppeth uses SSH to dial in to remote servers, and builds |
| its network components out of Docker containers using the |
| docker-compose toolset.                                   |
+-----------------------------------------------------------+

[32mINFO [0m[10-02|18:28:29.347] Administering Ethereum network           [32mname[0m=pipucks
[32mINFO [0m[10-02|18:28:29.366] No remote machines to gather stats from 

What would you like to do? (default = stats)
 1. Show network stats
 2. Manage existing genesis
 3. Track new remote server
 4. Deploy network components
> 
 1. Modify existing configurations
 2. Export genesis configurations
 3. Remove genesis configuration
> [32mINFO [0m[10-02|18:28:29.366] Genesis block destroyed 

What would you like to do? (default = stats)
 1. Show network stats
 2. Configure new genesis
 3. Track new remote server
 4. Deploy network components
> 
What would you like to do? (default = create)
 1. Create new genesis from scratch
 2. Import already existing genesis
> 
Which consensus engine to use? (default = clique)
 1. Ethash - proof-of-work
 2. Clique - proof-of-authority
> 
How many seconds should blocks take? (default = 15)
> 
Which accounts are allowed to seal? (mandatory at least one)
> 0x> 0x> 0x
Which accounts should be pre-funded? (advisable at least one)
> 0x> 0x
Should the precompile-addresses (0x1 .. 0xff) be pre-funded with 1 wei? (advisable yes)
> 
Specify your chain/network ID if you want an explicit one (default = random)
> [32mINFO [0m[10-02|18:28:29.367] Configured new genesis block 

What would you like to do? (default = stats)
 1. Show network stats
 2. Manage existing genesis
 3. Track new remote server
 4. Deploy network components
> 
 1. Modify existing configurations
 2. Export genesis configurations
 3. Remove genesis configuration
> 
Which folder to save the genesis specs into? (default = current)
  Will create pipucks.json, pipucks-aleth.json, pipucks-harmony.json, pipucks-parity.json
> [32mINFO [0m[10-02|18:28:29.374] Saved native genesis chain spec          [32mpath[0m=/home/volker/Documents/mygithub-software/AB-interface/Blockchain-module/geth/files/pipucks.json
[31mERROR[0m[10-02|18:28:29.374] Failed to create Aleth chain spec        [31merr[0m="unsupported consensus engine"
[31mERROR[0m[10-02|18:28:29.374] Failed to create Parity chain spec       [31merr[0m="unsupported consensus engine"
[32mINFO [0m[10-02|18:28:29.375] Saved genesis chain spec                 [32mclient[0m=harmony [32mpath[0m=/home/volker/Documents/mygithub-software/AB-interface/Blockchain-module/geth/files/pipucks-harmony.json

What would you like to do? (default = stats)
 1. Show network stats
 2. Manage existing genesis
 3. Track new remote server
 4. Deploy network components
> [35mCRIT [0m[10-02|18:28:29.375] Failed to read user input                [35merr[0m=EOF
+-----------------------------------------------------------+
| Welcome to puppeth, your Ethereum private network manager |
|                                                           |
| This tool lets you create a new Ethereum network down to  |
| the genesis block, bootnodes, miners and ethstats servers |
| without the hassle that it would normally entail.         |
|                                                           |
| Puppeth uses SSH to dial in to remote servers, and builds |
| its network components out of Docker containers using the |
| docker-compose toolset.                                   |
+-----------------------------------------------------------+

[32mINFO [0m[10-02|18:31:31.262] Administering Ethereum network           [32mname[0m=pipucks
[32mINFO [0m[10-02|18:31:31.326] No remote machines to gather stats from 

What would you like to do? (default = stats)
 1. Show network stats
 2. Manage existing genesis
 3. Track new remote server
 4. Deploy network components
> 
 1. Modify existing configurations
 2. Export genesis configurations
 3. Remove genesis configuration
> [32mINFO [0m[10-02|18:31:31.326] Genesis block destroyed 

What would you like to do? (default = stats)
 1. Show network stats
 2. Configure new genesis
 3. Track new remote server
 4. Deploy network components
> 
What would you like to do? (default = create)
 1. Create new genesis from scratch
 2. Import already existing genesis
> 
Which consensus engine to use? (default = clique)
 1. Ethash - proof-of-work
 2. Clique - proof-of-authority
> 
How many seconds should blocks take? (default = 15)
> 
Which accounts are allowed to seal? (mandatory at least one)
> 0x> 0x> 0x> 0x
Which accounts should be pre-funded? (advisable at least one)
> 0x> 0x
Should the precompile-addresses (0x1 .. 0xff) be pre-funded with 1 wei? (advisable yes)
> 
Specify your chain/network ID if you want an explicit one (default = random)
> [32mINFO [0m[10-02|18:31:31.327] Configured new genesis block 

What would you like to do? (default = stats)
 1. Show network stats
 2. Manage existing genesis
 3. Track new remote server
 4. Deploy network components
> 
 1. Modify existing configurations
 2. Export genesis configurations
 3. Remove genesis configuration
> 
Which folder to save the genesis specs into? (default = current)
  Will create pipucks.json, pipucks-aleth.json, pipucks-harmony.json, pipucks-parity.json
> [32mINFO [0m[10-02|18:31:31.348] Saved native genesis chain spec          [32mpath[0m=/home/volker/Documents/mygithub-software/AB-interface/Blockchain-module/geth/files/pipucks.json
[31mERROR[0m[10-02|18:31:31.348] Failed to create Aleth chain spec        [31merr[0m="unsupported consensus engine"
[31mERROR[0m[10-02|18:31:31.348] Failed to create Parity chain spec       [31merr[0m="unsupported consensus engine"
[32mINFO [0m[10-02|18:31:31.350] Saved genesis chain spec                 [32mclient[0m=harmony [32mpath[0m=/home/volker/Documents/mygithub-software/AB-interface/Blockchain-module/geth/files/pipucks-harmony.json

What would you like to do? (default = stats)
 1. Show network stats
 2. Manage existing genesis
 3. Track new remote server
 4. Deploy network components
> [35mCRIT [0m[10-02|18:31:31.350] Failed to read user input                [35merr[0m=EOF
+-----------------------------------------------------------+
| Welcome to puppeth, your Ethereum private network manager |
|                                                           |
| This tool lets you create a new Ethereum network down to  |
| the genesis block, bootnodes, miners and ethstats servers |
| without the hassle that it would normally entail.         |
|                                                           |
| Puppeth uses SSH to dial in to remote servers, and builds |
| its network components out of Docker containers using the |
| docker-compose toolset.                                   |
+-----------------------------------------------------------+

[32mINFO [0m[10-09|17:34:51.782] Administering Ethereum network           [32mname[0m=pipucks
[32mINFO [0m[10-09|17:34:51.801] No remote machines to gather stats from 

What would you like to do? (default = stats)
 1. Show network stats
 2. Manage existing genesis
 3. Track new remote server
 4. Deploy network components
> 
 1. Modify existing configurations
 2. Export genesis configurations
 3. Remove genesis configuration
> [32mINFO [0m[10-09|17:34:51.802] Genesis block destroyed 

What would you like to do? (default = stats)
 1. Show network stats
 2. Configure new genesis
 3. Track new remote server
 4. Deploy network components
> 
What would you like to do? (default = create)
 1. Create new genesis from scratch
 2. Import already existing genesis
> 
Which consensus engine to use? (default = clique)
 1. Ethash - proof-of-work
 2. Clique - proof-of-authority
> 
How many seconds should blocks take? (default = 15)
> 
Which accounts are allowed to seal? (mandatory at least one)
> 0x> 0x
Which accounts should be pre-funded? (advisable at least one)
> 0x> 0x
Should the precompile-addresses (0x1 .. 0xff) be pre-funded with 1 wei? (advisable yes)
> 
Specify your chain/network ID if you want an explicit one (default = random)
> [32mINFO [0m[10-09|17:34:51.810] Configured new genesis block 

What would you like to do? (default = stats)
 1. Show network stats
 2. Manage existing genesis
 3. Track new remote server
 4. Deploy network components
> 
 1. Modify existing configurations
 2. Export genesis configurations
 3. Remove genesis configuration
> 
Which folder to save the genesis specs into? (default = current)
  Will create pipucks.json, pipucks-aleth.json, pipucks-harmony.json, pipucks-parity.json
> [32mINFO [0m[10-09|17:34:51.815] Saved native genesis chain spec          [32mpath[0m=/home/volker/Documents/mygithub-software/AB-interface/Blockchain-module/geth/files/pipucks.json
[31mERROR[0m[10-09|17:34:51.816] Failed to create Aleth chain spec        [31merr[0m="unsupported consensus engine"
[31mERROR[0m[10-09|17:34:51.816] Failed to create Parity chain spec       [31merr[0m="unsupported consensus engine"
[32mINFO [0m[10-09|17:34:51.819] Saved genesis chain spec                 [32mclient[0m=harmony [32mpath[0m=/home/volker/Documents/mygithub-software/AB-interface/Blockchain-module/geth/files/pipucks-harmony.json

What would you like to do? (default = stats)
 1. Show network stats
 2. Manage existing genesis
 3. Track new remote server
 4. Deploy network components
> [35mCRIT [0m[10-09|17:34:51.819] Failed to read user input                [35merr[0m=EOF
+-----------------------------------------------------------+
| Welcome to puppeth, your Ethereum private network manager |
|                                                           |
| This tool lets you create a new Ethereum network down to  |
| the genesis block, bootnodes, miners and ethstats servers |
| without the hassle that it would normally entail.         |
|                                                           |
| Puppeth uses SSH to dial in to remote servers, and builds |
| its network components out of Docker containers using the |
| docker-compose toolset.                                   |
+-----------------------------------------------------------+

[32mINFO [0m[10-09|17:36:02.505] Administering Ethereum network           [32mname[0m=pipucks
[32mINFO [0m[10-09|17:36:02.506] No remote machines to gather stats from 

What would you like to do? (default = stats)
 1. Show network stats
 2. Manage existing genesis
 3. Track new remote server
 4. Deploy network components
> 
 1. Modify existing configurations
 2. Export genesis configurations
 3. Remove genesis configuration
> [32mINFO [0m[10-09|17:36:02.506] Genesis block destroyed 

What would you like to do? (default = stats)
 1. Show network stats
 2. Configure new genesis
 3. Track new remote server
 4. Deploy network components
> 
What would you like to do? (default = create)
 1. Create new genesis from scratch
 2. Import already existing genesis
> 
Which consensus engine to use? (default = clique)
 1. Ethash - proof-of-work
 2. Clique - proof-of-authority
> 
How many seconds should blocks take? (default = 15)
> 
Which accounts are allowed to seal? (mandatory at least one)
> 0x> 0x> 0x
Which accounts should be pre-funded? (advisable at least one)
> 0x> 0x> 0x
Should the precompile-addresses (0x1 .. 0xff) be pre-funded with 1 wei? (advisable yes)
> 
Specify your chain/network ID if you want an explicit one (default = random)
> [32mINFO [0m[10-09|17:36:02.506] Configured new genesis block 

What would you like to do? (default = stats)
 1. Show network stats
 2. Manage existing genesis
 3. Track new remote server
 4. Deploy network components
> 
 1. Modify existing configurations
 2. Export genesis configurations
 3. Remove genesis configuration
> 
Which folder to save the genesis specs into? (default = current)
  Will create pipucks.json, pipucks-aleth.json, pipucks-harmony.json, pipucks-parity.json
> [32mINFO [0m[10-09|17:36:02.509] Saved native genesis chain spec          [32mpath[0m=/home/volker/Documents/mygithub-software/AB-interface/Blockchain-module/geth/files/pipucks.json
[31mERROR[0m[10-09|17:36:02.509] Failed to create Aleth chain spec        [31merr[0m="unsupported consensus engine"
[31mERROR[0m[10-09|17:36:02.509] Failed to create Parity chain spec       [31merr[0m="unsupported consensus engine"
[32mINFO [0m[10-09|17:36:02.510] Saved genesis chain spec                 [32mclient[0m=harmony [32mpath[0m=/home/volker/Documents/mygithub-software/AB-interface/Blockchain-module/geth/files/pipucks-harmony.json

What would you like to do? (default = stats)
 1. Show network stats
 2. Manage existing genesis
 3. Track new remote server
 4. Deploy network components
> [35mCRIT [0m[10-09|17:36:02.510] Failed to read user input                [35merr[0m=EOF
+-----------------------------------------------------------+
| Welcome to puppeth, your Ethereum private network manager |
|                                                           |
| This tool lets you create a new Ethereum network down to  |
| the genesis block, bootnodes, miners and ethstats servers |
| without the hassle that it would normally entail.         |
|                                                           |
| Puppeth uses SSH to dial in to remote servers, and builds |
| its network components out of Docker containers using the |
| docker-compose toolset.                                   |
+-----------------------------------------------------------+

[32mINFO [0m[10-09|17:43:50.889] Administering Ethereum network           [32mname[0m=pipucks
[32mINFO [0m[10-09|17:43:50.890] No remote machines to gather stats from 

What would you like to do? (default = stats)
 1. Show network stats
 2. Manage existing genesis
 3. Track new remote server
 4. Deploy network components
> 
 1. Modify existing configurations
 2. Export genesis configurations
 3. Remove genesis configuration
> [32mINFO [0m[10-09|17:43:50.890] Genesis block destroyed 

What would you like to do? (default = stats)
 1. Show network stats
 2. Configure new genesis
 3. Track new remote server
 4. Deploy network components
> 
What would you like to do? (default = create)
 1. Create new genesis from scratch
 2. Import already existing genesis
> 
Which consensus engine to use? (default = clique)
 1. Ethash - proof-of-work
 2. Clique - proof-of-authority
> 
How many seconds should blocks take? (default = 15)
> 
Which accounts are allowed to seal? (mandatory at least one)
> 0x> 0x
Which accounts should be pre-funded? (advisable at least one)
> 0x> 0x
Should the precompile-addresses (0x1 .. 0xff) be pre-funded with 1 wei? (advisable yes)
> 
Specify your chain/network ID if you want an explicit one (default = random)
> [32mINFO [0m[10-09|17:43:50.891] Configured new genesis block 

What would you like to do? (default = stats)
 1. Show network stats
 2. Manage existing genesis
 3. Track new remote server
 4. Deploy network components
> 
 1. Modify existing configurations
 2. Export genesis configurations
 3. Remove genesis configuration
> 
Which folder to save the genesis specs into? (default = current)
  Will create pipucks.json, pipucks-aleth.json, pipucks-harmony.json, pipucks-parity.json
> [32mINFO [0m[10-09|17:43:50.897] Saved native genesis chain spec          [32mpath[0m=/home/volker/Documents/mygithub-software/AB-interface/Blockchain-module/geth/files/pipucks.json
[31mERROR[0m[10-09|17:43:50.897] Failed to create Aleth chain spec        [31merr[0m="unsupported consensus engine"
[31mERROR[0m[10-09|17:43:50.897] Failed to create Parity chain spec       [31merr[0m="unsupported consensus engine"
[32mINFO [0m[10-09|17:43:50.898] Saved genesis chain spec                 [32mclient[0m=harmony [32mpath[0m=/home/volker/Documents/mygithub-software/AB-interface/Blockchain-module/geth/files/pipucks-harmony.json

What would you like to do? (default = stats)
 1. Show network stats
 2. Manage existing genesis
 3. Track new remote server
 4. Deploy network components
> [35mCRIT [0m[10-09|17:43:50.898] Failed to read user input                [35merr[0m=EOF
+-----------------------------------------------------------+
| Welcome to puppeth, your Ethereum private network manager |
|                                                           |
| This tool lets you create a new Ethereum network down to  |
| the genesis block, bootnodes, miners and ethstats servers |
| without the hassle that it would normally entail.         |
|                                                           |
| Puppeth uses SSH to dial in to remote servers, and builds |
| its network components out of Docker containers using the |
| docker-compose toolset.                                   |
+-----------------------------------------------------------+

[32mINFO [0m[10-09|17:43:55.255] Administering Ethereum network           [32mname[0m=pipucks
[32mINFO [0m[10-09|17:43:55.256] No remote machines to gather stats from 

What would you like to do? (default = stats)
 1. Show network stats
 2. Manage existing genesis
 3. Track new remote server
 4. Deploy network components
> 
 1. Modify existing configurations
 2. Export genesis configurations
 3. Remove genesis configuration
> [32mINFO [0m[10-09|17:43:55.256] Genesis block destroyed 

What would you like to do? (default = stats)
 1. Show network stats
 2. Configure new genesis
 3. Track new remote server
 4. Deploy network components
> 
What would you like to do? (default = create)
 1. Create new genesis from scratch
 2. Import already existing genesis
> 
Which consensus engine to use? (default = clique)
 1. Ethash - proof-of-work
 2. Clique - proof-of-authority
> 
How many seconds should blocks take? (default = 15)
> 
Which accounts are allowed to seal? (mandatory at least one)
> 0x> 0x> 0x
Which accounts should be pre-funded? (advisable at least one)
> 0x> 0x> 0x
Should the precompile-addresses (0x1 .. 0xff) be pre-funded with 1 wei? (advisable yes)
> 
Specify your chain/network ID if you want an explicit one (default = random)
> [32mINFO [0m[10-09|17:43:55.256] Configured new genesis block 

What would you like to do? (default = stats)
 1. Show network stats
 2. Manage existing genesis
 3. Track new remote server
 4. Deploy network components
> 
 1. Modify existing configurations
 2. Export genesis configurations
 3. Remove genesis configuration
> 
Which folder to save the genesis specs into? (default = current)
  Will create pipucks.json, pipucks-aleth.json, pipucks-harmony.json, pipucks-parity.json
> [32mINFO [0m[10-09|17:43:55.259] Saved native genesis chain spec          [32mpath[0m=/home/volker/Documents/mygithub-software/AB-interface/Blockchain-module/geth/files/pipucks.json
[31mERROR[0m[10-09|17:43:55.259] Failed to create Aleth chain spec        [31merr[0m="unsupported consensus engine"
[31mERROR[0m[10-09|17:43:55.259] Failed to create Parity chain spec       [31merr[0m="unsupported consensus engine"
[32mINFO [0m[10-09|17:43:55.260] Saved genesis chain spec                 [32mclient[0m=harmony [32mpath[0m=/home/volker/Documents/mygithub-software/AB-interface/Blockchain-module/geth/files/pipucks-harmony.json

What would you like to do? (default = stats)
 1. Show network stats
 2. Manage existing genesis
 3. Track new remote server
 4. Deploy network components
> [35mCRIT [0m[10-09|17:43:55.260] Failed to read user input                [35merr[0m=EOF
+-----------------------------------------------------------+
| Welcome to puppeth, your Ethereum private network manager |
|                                                           |
| This tool lets you create a new Ethereum network down to  |
| the genesis block, bootnodes, miners and ethstats servers |
| without the hassle that it would normally entail.         |
|                                                           |
| Puppeth uses SSH to dial in to remote servers, and builds |
| its network components out of Docker containers using the |
| docker-compose toolset.                                   |
+-----------------------------------------------------------+

[32mINFO [0m[10-09|17:44:29.201] Administering Ethereum network           [32mname[0m=pipucks
[32mINFO [0m[10-09|17:44:29.202] No remote machines to gather stats from 

What would you like to do? (default = stats)
 1. Show network stats
 2. Manage existing genesis
 3. Track new remote server
 4. Deploy network components
> 
 1. Modify existing configurations
 2. Export genesis configurations
 3. Remove genesis configuration
> [32mINFO [0m[10-09|17:44:29.202] Genesis block destroyed 

What would you like to do? (default = stats)
 1. Show network stats
 2. Configure new genesis
 3. Track new remote server
 4. Deploy network components
> 
What would you like to do? (default = create)
 1. Create new genesis from scratch
 2. Import already existing genesis
> 
Which consensus engine to use? (default = clique)
 1. Ethash - proof-of-work
 2. Clique - proof-of-authority
> 
How many seconds should blocks take? (default = 15)
> 
Which accounts are allowed to seal? (mandatory at least one)
> 0x> 0x> 0x
Which accounts should be pre-funded? (advisable at least one)
> 0x> 0x> 0x
Should the precompile-addresses (0x1 .. 0xff) be pre-funded with 1 wei? (advisable yes)
> 
Specify your chain/network ID if you want an explicit one (default = random)
> [32mINFO [0m[10-09|17:44:29.202] Configured new genesis block 

What would you like to do? (default = stats)
 1. Show network stats
 2. Manage existing genesis
 3. Track new remote server
 4. Deploy network components
> 
 1. Modify existing configurations
 2. Export genesis configurations
 3. Remove genesis configuration
> 
Which folder to save the genesis specs into? (default = current)
  Will create pipucks.json, pipucks-aleth.json, pipucks-harmony.json, pipucks-parity.json
> [32mINFO [0m[10-09|17:44:29.205] Saved native genesis chain spec          [32mpath[0m=/home/volker/Documents/mygithub-software/AB-interface/Blockchain-module/geth/files/pipucks.json
[31mERROR[0m[10-09|17:44:29.205] Failed to create Aleth chain spec        [31merr[0m="unsupported consensus engine"
[31mERROR[0m[10-09|17:44:29.231] Failed to create Parity chain spec       [31merr[0m="unsupported consensus engine"
[32mINFO [0m[10-09|17:44:29.231] Saved genesis chain spec                 [32mclient[0m=harmony [32mpath[0m=/home/volker/Documents/mygithub-software/AB-interface/Blockchain-module/geth/files/pipucks-harmony.json

What would you like to do? (default = stats)
 1. Show network stats
 2. Manage existing genesis
 3. Track new remote server
 4. Deploy network components
> [35mCRIT [0m[10-09|17:44:29.231] Failed to read user input                [35merr[0m=EOF
+-----------------------------------------------------------+
| Welcome to puppeth, your Ethereum private network manager |
|                                                           |
| This tool lets you create a new Ethereum network down to  |
| the genesis block, bootnodes, miners and ethstats servers |
| without the hassle that it would normally entail.         |
|                                                           |
| Puppeth uses SSH to dial in to remote servers, and builds |
| its network components out of Docker containers using the |
| docker-compose toolset.                                   |
+-----------------------------------------------------------+

[32mINFO [0m[10-09|17:44:43.212] Administering Ethereum network           [32mname[0m=pipucks
[32mINFO [0m[10-09|17:44:43.212] No remote machines to gather stats from 

What would you like to do? (default = stats)
 1. Show network stats
 2. Manage existing genesis
 3. Track new remote server
 4. Deploy network components
> 
 1. Modify existing configurations
 2. Export genesis configurations
 3. Remove genesis configuration
> [32mINFO [0m[10-09|17:44:43.212] Genesis block destroyed 

What would you like to do? (default = stats)
 1. Show network stats
 2. Configure new genesis
 3. Track new remote server
 4. Deploy network components
> 
What would you like to do? (default = create)
 1. Create new genesis from scratch
 2. Import already existing genesis
> 
Which consensus engine to use? (default = clique)
 1. Ethash - proof-of-work
 2. Clique - proof-of-authority
> 
How many seconds should blocks take? (default = 15)
> 
Which accounts are allowed to seal? (mandatory at least one)
> 0x> 0x> 0x
Which accounts should be pre-funded? (advisable at least one)
> 0x> 0x> 0x
Should the precompile-addresses (0x1 .. 0xff) be pre-funded with 1 wei? (advisable yes)
> 
Specify your chain/network ID if you want an explicit one (default = random)
> [32mINFO [0m[10-09|17:44:43.212] Configured new genesis block 

What would you like to do? (default = stats)
 1. Show network stats
 2. Manage existing genesis
 3. Track new remote server
 4. Deploy network components
> 
 1. Modify existing configurations
 2. Export genesis configurations
 3. Remove genesis configuration
> 
Which folder to save the genesis specs into? (default = current)
  Will create pipucks.json, pipucks-aleth.json, pipucks-harmony.json, pipucks-parity.json
> [32mINFO [0m[10-09|17:44:43.213] Saved native genesis chain spec          [32mpath[0m=/home/volker/Documents/mygithub-software/AB-interface/Blockchain-module/geth/files/pipucks.json
[31mERROR[0m[10-09|17:44:43.213] Failed to create Aleth chain spec        [31merr[0m="unsupported consensus engine"
[31mERROR[0m[10-09|17:44:43.213] Failed to create Parity chain spec       [31merr[0m="unsupported consensus engine"
[32mINFO [0m[10-09|17:44:43.213] Saved genesis chain spec                 [32mclient[0m=harmony [32mpath[0m=/home/volker/Documents/mygithub-software/AB-interface/Blockchain-module/geth/files/pipucks-harmony.json

What would you like to do? (default = stats)
 1. Show network stats
 2. Manage existing genesis
 3. Track new remote server
 4. Deploy network components
> [35mCRIT [0m[10-09|17:44:43.213] Failed to read user input                [35merr[0m=EOF
+-----------------------------------------------------------+
| Welcome to puppeth, your Ethereum private network manager |
|                                                           |
| This tool lets you create a new Ethereum network down to  |
| the genesis block, bootnodes, miners and ethstats servers |
| without the hassle that it would normally entail.         |
|                                                           |
| Puppeth uses SSH to dial in to remote servers, and builds |
| its network components out of Docker containers using the |
| docker-compose toolset.                                   |
+-----------------------------------------------------------+

[32mINFO [0m[10-09|17:45:11.254] Administering Ethereum network           [32mname[0m=pipucks
[32mINFO [0m[10-09|17:45:11.254] No remote machines to gather stats from 

What would you like to do? (default = stats)
 1. Show network stats
 2. Manage existing genesis
 3. Track new remote server
 4. Deploy network components
> 
 1. Modify existing configurations
 2. Export genesis configurations
 3. Remove genesis configuration
> [32mINFO [0m[10-09|17:45:11.254] Genesis block destroyed 

What would you like to do? (default = stats)
 1. Show network stats
 2. Configure new genesis
 3. Track new remote server
 4. Deploy network components
> 
What would you like to do? (default = create)
 1. Create new genesis from scratch
 2. Import already existing genesis
> 
Which consensus engine to use? (default = clique)
 1. Ethash - proof-of-work
 2. Clique - proof-of-authority
> 
How many seconds should blocks take? (default = 15)
> 
Which accounts are allowed to seal? (mandatory at least one)
> 0x> 0x> 0x
Which accounts should be pre-funded? (advisable at least one)
> 0x> 0x> 0x
Should the precompile-addresses (0x1 .. 0xff) be pre-funded with 1 wei? (advisable yes)
> 
Specify your chain/network ID if you want an explicit one (default = random)
> [32mINFO [0m[10-09|17:45:11.255] Configured new genesis block 

What would you like to do? (default = stats)
 1. Show network stats
 2. Manage existing genesis
 3. Track new remote server
 4. Deploy network components
> 
 1. Modify existing configurations
 2. Export genesis configurations
 3. Remove genesis configuration
> 
Which folder to save the genesis specs into? (default = current)
  Will create pipucks.json, pipucks-aleth.json, pipucks-harmony.json, pipucks-parity.json
> [32mINFO [0m[10-09|17:45:11.255] Saved native genesis chain spec          [32mpath[0m=/home/volker/Documents/mygithub-software/AB-interface/Blockchain-module/geth/files/pipucks.json
[31mERROR[0m[10-09|17:45:11.255] Failed to create Aleth chain spec        [31merr[0m="unsupported consensus engine"
[31mERROR[0m[10-09|17:45:11.255] Failed to create Parity chain spec       [31merr[0m="unsupported consensus engine"
[32mINFO [0m[10-09|17:45:11.255] Saved genesis chain spec                 [32mclient[0m=harmony [32mpath[0m=/home/volker/Documents/mygithub-software/AB-interface/Blockchain-module/geth/files/pipucks-harmony.json

What would you like to do? (default = stats)
 1. Show network stats
 2. Manage existing genesis
 3. Track new remote server
 4. Deploy network components
> [35mCRIT [0m[10-09|17:45:11.255] Failed to read user input                [35merr[0m=EOF
+-----------------------------------------------------------+
| Welcome to puppeth, your Ethereum private network manager |
|                                                           |
| This tool lets you create a new Ethereum network down to  |
| the genesis block, bootnodes, miners and ethstats servers |
| without the hassle that it would normally entail.         |
|                                                           |
| Puppeth uses SSH to dial in to remote servers, and builds |
| its network components out of Docker containers using the |
| docker-compose toolset.                                   |
+-----------------------------------------------------------+

[32mINFO [0m[10-09|17:45:37.303] Administering Ethereum network           [32mname[0m=pipucks
[32mINFO [0m[10-09|17:45:37.303] No remote machines to gather stats from 

What would you like to do? (default = stats)
 1. Show network stats
 2. Manage existing genesis
 3. Track new remote server
 4. Deploy network components
> 
 1. Modify existing configurations
 2. Export genesis configurations
 3. Remove genesis configuration
> [32mINFO [0m[10-09|17:45:37.303] Genesis block destroyed 

What would you like to do? (default = stats)
 1. Show network stats
 2. Configure new genesis
 3. Track new remote server
 4. Deploy network components
> 
What would you like to do? (default = create)
 1. Create new genesis from scratch
 2. Import already existing genesis
> 
Which consensus engine to use? (default = clique)
 1. Ethash - proof-of-work
 2. Clique - proof-of-authority
> 
How many seconds should blocks take? (default = 15)
> 
Which accounts are allowed to seal? (mandatory at least one)
> 0x> 0x> 0x
Which accounts should be pre-funded? (advisable at least one)
> 0x> 0x> 0x
Should the precompile-addresses (0x1 .. 0xff) be pre-funded with 1 wei? (advisable yes)
> 
Specify your chain/network ID if you want an explicit one (default = random)
> [32mINFO [0m[10-09|17:45:37.304] Configured new genesis block 

What would you like to do? (default = stats)
 1. Show network stats
 2. Manage existing genesis
 3. Track new remote server
 4. Deploy network components
> 
 1. Modify existing configurations
 2. Export genesis configurations
 3. Remove genesis configuration
> 
Which folder to save the genesis specs into? (default = current)
  Will create pipucks.json, pipucks-aleth.json, pipucks-harmony.json, pipucks-parity.json
> [32mINFO [0m[10-09|17:45:37.304] Saved native genesis chain spec          [32mpath[0m=/home/volker/Documents/mygithub-software/AB-interface/Blockchain-module/geth/files/pipucks.json
[31mERROR[0m[10-09|17:45:37.304] Failed to create Aleth chain spec        [31merr[0m="unsupported consensus engine"
[31mERROR[0m[10-09|17:45:37.304] Failed to create Parity chain spec       [31merr[0m="unsupported consensus engine"
[32mINFO [0m[10-09|17:45:37.304] Saved genesis chain spec                 [32mclient[0m=harmony [32mpath[0m=/home/volker/Documents/mygithub-software/AB-interface/Blockchain-module/geth/files/pipucks-harmony.json

What would you like to do? (default = stats)
 1. Show network stats
 2. Manage existing genesis
 3. Track new remote server
 4. Deploy network components
> [35mCRIT [0m[10-09|17:45:37.304] Failed to read user input                [35merr[0m=EOF
+-----------------------------------------------------------+
| Welcome to puppeth, your Ethereum private network manager |
|                                                           |
| This tool lets you create a new Ethereum network down to  |
| the genesis block, bootnodes, miners and ethstats servers |
| without the hassle that it would normally entail.         |
|                                                           |
| Puppeth uses SSH to dial in to remote servers, and builds |
| its network components out of Docker containers using the |
| docker-compose toolset.                                   |
+-----------------------------------------------------------+

[32mINFO [0m[10-09|17:47:08.832] Administering Ethereum network           [32mname[0m=pipucks
[32mINFO [0m[10-09|17:47:08.833] No remote machines to gather stats from 

What would you like to do? (default = stats)
 1. Show network stats
 2. Manage existing genesis
 3. Track new remote server
 4. Deploy network components
> 
 1. Modify existing configurations
 2. Export genesis configurations
 3. Remove genesis configuration
> [32mINFO [0m[10-09|17:47:08.833] Genesis block destroyed 

What would you like to do? (default = stats)
 1. Show network stats
 2. Configure new genesis
 3. Track new remote server
 4. Deploy network components
> 
What would you like to do? (default = create)
 1. Create new genesis from scratch
 2. Import already existing genesis
> 
Which consensus engine to use? (default = clique)
 1. Ethash - proof-of-work
 2. Clique - proof-of-authority
> 
How many seconds should blocks take? (default = 15)
> 
Which accounts are allowed to seal? (mandatory at least one)
> 0x> 0x> 0x
Which accounts should be pre-funded? (advisable at least one)
> 0x> 0x> 0x
Should the precompile-addresses (0x1 .. 0xff) be pre-funded with 1 wei? (advisable yes)
> 
Specify your chain/network ID if you want an explicit one (default = random)
> [32mINFO [0m[10-09|17:47:08.833] Configured new genesis block 

What would you like to do? (default = stats)
 1. Show network stats
 2. Manage existing genesis
 3. Track new remote server
 4. Deploy network components
> 
 1. Modify existing configurations
 2. Export genesis configurations
 3. Remove genesis configuration
> 
Which folder to save the genesis specs into? (default = current)
  Will create pipucks.json, pipucks-aleth.json, pipucks-harmony.json, pipucks-parity.json
> [32mINFO [0m[10-09|17:47:08.835] Saved native genesis chain spec          [32mpath[0m=/home/volker/Documents/mygithub-software/AB-interface/Blockchain-module/geth/files/pipucks.json
[31mERROR[0m[10-09|17:47:08.835] Failed to create Aleth chain spec        [31merr[0m="unsupported consensus engine"
[31mERROR[0m[10-09|17:47:08.835] Failed to create Parity chain spec       [31merr[0m="unsupported consensus engine"
[32mINFO [0m[10-09|17:47:08.845] Saved genesis chain spec                 [32mclient[0m=harmony [32mpath[0m=/home/volker/Documents/mygithub-software/AB-interface/Blockchain-module/geth/files/pipucks-harmony.json

What would you like to do? (default = stats)
 1. Show network stats
 2. Manage existing genesis
 3. Track new remote server
 4. Deploy network components
> [35mCRIT [0m[10-09|17:47:08.845] Failed to read user input                [35merr[0m=EOF
+-----------------------------------------------------------+
| Welcome to puppeth, your Ethereum private network manager |
|                                                           |
| This tool lets you create a new Ethereum network down to  |
| the genesis block, bootnodes, miners and ethstats servers |
| without the hassle that it would normally entail.         |
|                                                           |
| Puppeth uses SSH to dial in to remote servers, and builds |
| its network components out of Docker containers using the |
| docker-compose toolset.                                   |
+-----------------------------------------------------------+

[32mINFO [0m[10-09|18:52:35.831] Administering Ethereum network           [32mname[0m=pipucks
[32mINFO [0m[10-09|18:52:35.831] No remote machines to gather stats from 

What would you like to do? (default = stats)
 1. Show network stats
 2. Configure new genesis
 3. Track new remote server
 4. Deploy network components
> 
What would you like to do? (default = create)
 1. Create new genesis from scratch
 2. Import already existing genesis
> [31mERROR[0m[10-09|18:52:35.831] That's not something I can do 

What would you like to do? (default = stats)
 1. Show network stats
 2. Configure new genesis
 3. Track new remote server
 4. Deploy network components
> 
What would you like to do? (default = create)
 1. Create new genesis from scratch
 2. Import already existing genesis
> 
Which consensus engine to use? (default = clique)
 1. Ethash - proof-of-work
 2. Clique - proof-of-authority
> 
How many seconds should blocks take? (default = 15)
> 
Which accounts are allowed to seal? (mandatory at least one)
> 0x> 0x> 0x
Which accounts should be pre-funded? (advisable at least one)
> 0x> 0x> 0x> 0x[31mERROR[0m[10-09|18:52:35.831] Invalid address length, please retry 
> 0x[31mERROR[0m[10-09|18:52:35.831] Invalid address length, please retry 
> 0x[31mERROR[0m[10-09|18:52:35.831] Invalid address length, please retry 
> 0x[31mERROR[0m[10-09|18:52:35.831] Invalid address length, please retry 
> 0x[31mERROR[0m[10-09|18:52:35.831] Invalid address length, please retry 
> 0x[35mCRIT [0m[10-09|18:52:35.831] Failed to read user input                [35merr[0m=EOF
+-----------------------------------------------------------+
| Welcome to puppeth, your Ethereum private network manager |
|                                                           |
| This tool lets you create a new Ethereum network down to  |
| the genesis block, bootnodes, miners and ethstats servers |
| without the hassle that it would normally entail.         |
|                                                           |
| Puppeth uses SSH to dial in to remote servers, and builds |
| its network components out of Docker containers using the |
| docker-compose toolset.                                   |
+-----------------------------------------------------------+

[32mINFO [0m[10-09|18:52:58.049] Administering Ethereum network           [32mname[0m=pipucks
[32mINFO [0m[10-09|18:52:58.049] No remote machines to gather stats from 

What would you like to do? (default = stats)
 1. Show network stats
 2. Configure new genesis
 3. Track new remote server
 4. Deploy network components
> 
What would you like to do? (default = create)
 1. Create new genesis from scratch
 2. Import already existing genesis
> [31mERROR[0m[10-09|18:52:58.049] That's not something I can do 

What would you like to do? (default = stats)
 1. Show network stats
 2. Configure new genesis
 3. Track new remote server
 4. Deploy network components
> 
What would you like to do? (default = create)
 1. Create new genesis from scratch
 2. Import already existing genesis
> 
Which consensus engine to use? (default = clique)
 1. Ethash - proof-of-work
 2. Clique - proof-of-authority
> 
How many seconds should blocks take? (default = 15)
> 
Which accounts are allowed to seal? (mandatory at least one)
> 0x> 0x> 0x
Which accounts should be pre-funded? (advisable at least one)
> 0x> 0x> 0x> 0x[31mERROR[0m[10-09|18:52:58.049] Invalid address length, please retry 
> 0x[31mERROR[0m[10-09|18:52:58.049] Invalid address length, please retry 
> 0x[31mERROR[0m[10-09|18:52:58.049] Invalid address length, please retry 
> 0x[31mERROR[0m[10-09|18:52:58.049] Invalid address length, please retry 
> 0x[31mERROR[0m[10-09|18:52:58.049] Invalid address length, please retry 
> 0x[35mCRIT [0m[10-09|18:52:58.049] Failed to read user input                [35merr[0m=EOF
